<?xml version="1.0" encoding="UTF-8"?>
<robot generator="Robot 2.8.5 (Jython 2.5.3 on java1.7.0_51)" generated="20140917 20:47:48.962">
<suite source="/Users/coreymkyle/github/jsu-mcis-cs310-tictactoe/acceptance/TicTacToeTests.txt" id="s1" name="TicTacToeTests">
<test id="s1-t1" name="Win Diagonally as X">
<kw type="kw" name="Start New Game">
<doc></doc>
<arguments>
</arguments>
<msg timestamp="20140917 20:47:49.777" level="FAIL">No keyword with name 'Start New Game' found.</msg>
<status status="FAIL" endtime="20140917 20:47:49.780" starttime="20140917 20:47:49.774"></status>
</kw>
<doc></doc>
<tags>
</tags>
<status status="FAIL" critical="yes" endtime="20140917 20:47:49.786" starttime="20140917 20:47:49.762">No keyword with name 'Start New Game' found.</status>
</test>
<test id="s1-t2" name="Win Horizontally as O">
<kw type="kw" name="Start New Game">
<doc></doc>
<arguments>
</arguments>
<msg timestamp="20140917 20:47:49.815" level="FAIL">No keyword with name 'Start New Game' found.</msg>
<status status="FAIL" endtime="20140917 20:47:49.817" starttime="20140917 20:47:49.812"></status>
</kw>
<doc></doc>
<tags>
</tags>
<status status="FAIL" critical="yes" endtime="20140917 20:47:49.821" starttime="20140917 20:47:49.796">No keyword with name 'Start New Game' found.</status>
</test>
<test id="s1-t3" name="Force a Tie">
<kw type="kw" name="Start New Game">
<doc></doc>
<arguments>
</arguments>
<msg timestamp="20140917 20:47:49.851" level="FAIL">No keyword with name 'Start New Game' found.</msg>
<status status="FAIL" endtime="20140917 20:47:49.854" starttime="20140917 20:47:49.848"></status>
</kw>
<doc></doc>
<tags>
</tags>
<status status="FAIL" critical="yes" endtime="20140917 20:47:49.863" starttime="20140917 20:47:49.829">No keyword with name 'Start New Game' found.</status>
</test>
<doc></doc>
<metadata>
</metadata>
<status status="FAIL" endtime="20140917 20:47:49.875" starttime="20140917 20:47:48.976"></status>
</suite>
<statistics>
<total>
<stat pass="0" fail="3">Critical Tests</stat>
<stat pass="0" fail="3">All Tests</stat>
</total>
<tag>
</tag>
<suite>
<stat pass="0" id="s1" fail="3" name="TicTacToeTests">TicTacToeTests</stat>
</suite>
</statistics>
<errors>
<msg timestamp="20140917 20:47:49.749" level="ERROR">Error in file '/Users/coreymkyle/github/jsu-mcis-cs310-tictactoe/acceptance/TicTacToeTests.txt': Importing test library 'TicTacToeKeywords' failed: ImportError: No module named TicTacToeKeywords
Traceback (most recent call last):
  None
PYTHONPATH:
  /Users/coreymkyle/Downloads/robotframework-2.8.5.jar/Lib/robot/libraries
  /Users/coreymkyle/Downloads/robotframework-2.8.5.jar/Lib
  /Users/coreymkyle/Downloads/Lib
  __classpath__
  __pyclasspath__/
  .
  /Users/coreymkyle/github/jsu-mcis-cs310-tictactoe/acceptance
CLASSPATH:
  .
  ../build/classes/main
  /USers/coreymkyle/Downloads/robotframework-2.8.5.jar</msg>
</errors>
</robot>
